2019-01-06 19:29:55 INFO  MongoDB connected on mongodb://localhost:27017/testDBTest 
2019-01-06 19:31:46 INFO  MongoDB connected on mongodb://localhost:27017/testDBTest 
2019-01-06 19:33:09 INFO  MongoDB connected on mongodb://localhost:27017/testDBTest 
2019-10-16 07:34:34 INFO  MongoDB connected on mongodb://mongo:27017/testDBTest 
2019-10-16 07:35:17 INFO  MongoDB connected on mongodb://mongo:27017/testDBTest 
2019-10-16 07:39:02 INFO  MongoDB connected on mongodb://mongo:27017/testDBTest 
2019-10-16 16:43:36 INFO  MongoDB connected on mongodb://localhost:27017/TodoAppTest 
2019-10-16 16:47:49 INFO  MongoDB connected on mongodb://localhost:27017/TodoAppTest 
2019-10-16 16:50:15 INFO  MongoDB connected on mongodb://localhost:27017/TodoAppTest 
2019-10-16 16:51:07 INFO  MongoDB connected on mongodb://localhost:27017/TodoAppTest 
2019-10-16 16:51:50 INFO  MongoDB connected on mongodb://localhost:27017/TodoAppTest 
2019-10-16 16:52:35 INFO  MongoDB connected on mongodb://localhost:27017/TodoAppTest 
2019-10-16 16:53:29 INFO  MongoDB connected on mongodb://localhost:27017/TodoApp 
2019-10-16 16:58:35 INFO  MongoDB connected on mongodb://localhost:27017/TodoApp 
2019-10-16 16:58:48 INFO  MongoDB connected on mongodb://localhost:27017/TodoApp 
2019-10-16 16:58:51 INFO  MongoDB connected on mongodb://localhost:27017/TodoApp 
2019-10-16 13:42:48 INFO  MongoDB connected on mongodb://mongo:27017/TodoApp 
2019-10-16 13:54:27 INFO  MongoDB connected on mongodb://mongo:27017/TodoApp 
2019-10-16 13:54:47 INFO  MongoDB connected on mongodb://mongo:27017/TodoApp 
2019-10-17 06:59:07 INFO  MongoDB connected on mongodb://mongo:27017/TodoApp 
2019-10-17 07:05:00 INFO  MongoDB connected on mongodb://mongo:27017/TodoApp 
2019-10-17 11:22:06 INFO  MongoDB connected on mongodb://mongo:27017/TodoApp 
2019-10-18 12:23:42 INFO  MongoDB connected on mongodb://mongo:27017/TodoApp 
2019-10-22 07:53:07 INFO  MongoDB connected on mongodb://mongo:27017/TodoApp 
2019-10-22 08:05:18 INFO  MongoDB connected on mongodb://mongo:27017/TodoApp 
2019-10-22 11:38:04 INFO  MongoDB connected on mongodb://mongo:27017/TodoApp 
2019-10-25 10:40:41 INFO  MongoDB connected on mongodb://mongo:27017/TodoApp 
2019-10-29 06:45:54 INFO  MongoDB connected on mongodb://mongo:27017/TodoApp 
2019-10-29 07:36:26 INFO  MongoDB connected on mongodb://mongo:27017/TodoApp 
2019-10-29 07:46:57 INFO  MongoDB connected on mongodb://mongo:27017/TodoApp 
2019-10-29 07:49:50 INFO  MongoDB connected on mongodb://mongo:27017/TodoApp 
2019-10-29 10:20:28 INFO  MongoDB connected on mongodb://mongo:27017/TodoApp 
2019-10-29 10:21:40 INFO  MongoDB connected on mongodb://mongo:27017/TodoApp 
2019-10-29 10:25:50 INFO  MongoDB connected on mongodb://mongo:27017/TodoApp 
2019-10-29 10:26:33 INFO  MongoDB connected on mongodb://mongo:27017/TodoApp 
2019-10-29 10:26:49 INFO  MongoDB connected on mongodb://mongo:27017/TodoApp 
2019-10-29 13:45:11 INFO  MongoDB connected on mongodb://mongo:27017/TodoApp 
